[2024-12-06 14:46:27,476] INFO Starting the log cleaner (kafka.log.LogCleaner)
[2024-12-06 14:46:27,633] INFO [kafka-log-cleaner-thread-0]: Starting (kafka.log.LogCleaner)
[2024-12-06 16:33:42,029] INFO Starting the log cleaner (kafka.log.LogCleaner)
[2024-12-06 16:33:42,388] INFO [kafka-log-cleaner-thread-0]: Starting (kafka.log.LogCleaner)
[2024-12-06 17:17:23,392] INFO Shutting down the log cleaner. (kafka.log.LogCleaner)
[2024-12-06 17:17:23,397] INFO [kafka-log-cleaner-thread-0]: Shutting down (kafka.log.LogCleaner)
[2024-12-06 17:17:23,397] INFO [kafka-log-cleaner-thread-0]: Stopped (kafka.log.LogCleaner)
[2024-12-06 17:17:23,397] INFO [kafka-log-cleaner-thread-0]: Shutdown completed (kafka.log.LogCleaner)
[2024-12-06 18:06:32,778] INFO Starting the log cleaner (kafka.log.LogCleaner)
[2024-12-06 18:06:32,904] INFO [kafka-log-cleaner-thread-0]: Starting (kafka.log.LogCleaner)
[2024-12-06 18:07:53,600] INFO Starting the log cleaner (kafka.log.LogCleaner)
[2024-12-06 18:07:53,680] INFO [kafka-log-cleaner-thread-0]: Starting (kafka.log.LogCleaner)
[2024-12-06 18:23:28,861] INFO Starting the log cleaner (kafka.log.LogCleaner)
[2024-12-06 18:23:29,002] INFO [kafka-log-cleaner-thread-0]: Starting (kafka.log.LogCleaner)
[2024-12-06 18:58:15,944] INFO Shutting down the log cleaner. (kafka.log.LogCleaner)
[2024-12-06 18:58:15,945] INFO [kafka-log-cleaner-thread-0]: Shutting down (kafka.log.LogCleaner)
[2024-12-06 18:58:15,946] INFO [kafka-log-cleaner-thread-0]: Stopped (kafka.log.LogCleaner)
[2024-12-06 18:58:15,946] INFO [kafka-log-cleaner-thread-0]: Shutdown completed (kafka.log.LogCleaner)
[2024-12-06 18:58:39,091] INFO Starting the log cleaner (kafka.log.LogCleaner)
[2024-12-06 18:58:39,271] INFO [kafka-log-cleaner-thread-0]: Starting (kafka.log.LogCleaner)
[2024-12-06 19:21:54,881] INFO Starting the log cleaner (kafka.log.LogCleaner)
[2024-12-06 19:21:55,039] INFO [kafka-log-cleaner-thread-0]: Starting (kafka.log.LogCleaner)
[2024-12-06 20:03:31,629] INFO Starting the log cleaner (kafka.log.LogCleaner)
[2024-12-06 20:03:31,798] INFO [kafka-log-cleaner-thread-0]: Starting (kafka.log.LogCleaner)
[2024-12-06 22:18:06,938] ERROR Failed to access checkpoint file cleaner-offset-checkpoint in dir D:\tmp\kafka-logs (kafka.log.LogCleaner)
org.apache.kafka.common.errors.KafkaStorageException: Error while reading checkpoint file D:\tmp\kafka-logs\cleaner-offset-checkpoint
Caused by: java.nio.file.NoSuchFileException: D:\tmp\kafka-logs\cleaner-offset-checkpoint
	at sun.nio.fs.WindowsException.translateToIOException(WindowsException.java:79)
	at sun.nio.fs.WindowsException.rethrowAsIOException(WindowsException.java:97)
	at sun.nio.fs.WindowsException.rethrowAsIOException(WindowsException.java:102)
	at sun.nio.fs.WindowsFileSystemProvider.newByteChannel(WindowsFileSystemProvider.java:230)
	at java.nio.file.Files.newByteChannel(Files.java:361)
	at java.nio.file.Files.newByteChannel(Files.java:407)
	at java.nio.file.spi.FileSystemProvider.newInputStream(FileSystemProvider.java:384)
	at java.nio.file.Files.newInputStream(Files.java:152)
	at java.nio.file.Files.newBufferedReader(Files.java:2784)
	at java.nio.file.Files.newBufferedReader(Files.java:2816)
	at kafka.server.checkpoints.CheckpointFile.liftedTree2$1(CheckpointFile.scala:127)
	at kafka.server.checkpoints.CheckpointFile.read(CheckpointFile.scala:126)
	at kafka.server.checkpoints.OffsetCheckpointFile.read(OffsetCheckpointFile.scala:69)
	at kafka.log.LogCleanerManager.$anonfun$allCleanerCheckpoints$2(LogCleanerManager.scala:134)
	at scala.collection.TraversableLike.$anonfun$flatMap$1(TraversableLike.scala:293)
	at scala.collection.Iterator.foreach(Iterator.scala:943)
	at scala.collection.Iterator.foreach$(Iterator.scala:943)
	at scala.collection.AbstractIterator.foreach(Iterator.scala:1431)
	at scala.collection.MapLike$DefaultValuesIterable.foreach(MapLike.scala:213)
	at scala.collection.TraversableLike.flatMap(TraversableLike.scala:293)
	at scala.collection.TraversableLike.flatMap$(TraversableLike.scala:290)
	at scala.collection.AbstractTraversable.flatMap(Traversable.scala:108)
	at kafka.log.LogCleanerManager.$anonfun$allCleanerCheckpoints$1(LogCleanerManager.scala:132)
	at kafka.log.LogCleanerManager.allCleanerCheckpoints(LogCleanerManager.scala:140)
	at kafka.log.LogCleanerManager.$anonfun$grabFilthiestCompactedLog$1(LogCleanerManager.scala:171)
	at kafka.log.LogCleanerManager.grabFilthiestCompactedLog(LogCleanerManager.scala:168)
	at kafka.log.LogCleaner$CleanerThread.cleanFilthiestLog(LogCleaner.scala:345)
	at kafka.log.LogCleaner$CleanerThread.tryCleanFilthiestLog(LogCleaner.scala:332)
	at kafka.log.LogCleaner$CleanerThread.doWork(LogCleaner.scala:321)
	at kafka.utils.ShutdownableThread.run(ShutdownableThread.scala:96)
[2024-12-06 22:33:06,671] INFO Starting the log cleaner (kafka.log.LogCleaner)
[2024-12-06 22:33:06,839] INFO [kafka-log-cleaner-thread-0]: Starting (kafka.log.LogCleaner)
[2024-12-07 01:09:57,980] ERROR Failed to access checkpoint file cleaner-offset-checkpoint in dir D:\tmp\kafka-logs (kafka.log.LogCleaner)
org.apache.kafka.common.errors.KafkaStorageException: Error while reading checkpoint file D:\tmp\kafka-logs\cleaner-offset-checkpoint
Caused by: java.nio.file.NoSuchFileException: D:\tmp\kafka-logs\cleaner-offset-checkpoint
	at sun.nio.fs.WindowsException.translateToIOException(WindowsException.java:79)
	at sun.nio.fs.WindowsException.rethrowAsIOException(WindowsException.java:97)
	at sun.nio.fs.WindowsException.rethrowAsIOException(WindowsException.java:102)
	at sun.nio.fs.WindowsFileSystemProvider.newByteChannel(WindowsFileSystemProvider.java:230)
	at java.nio.file.Files.newByteChannel(Files.java:361)
	at java.nio.file.Files.newByteChannel(Files.java:407)
	at java.nio.file.spi.FileSystemProvider.newInputStream(FileSystemProvider.java:384)
	at java.nio.file.Files.newInputStream(Files.java:152)
	at java.nio.file.Files.newBufferedReader(Files.java:2784)
	at java.nio.file.Files.newBufferedReader(Files.java:2816)
	at kafka.server.checkpoints.CheckpointFile.liftedTree2$1(CheckpointFile.scala:127)
	at kafka.server.checkpoints.CheckpointFile.read(CheckpointFile.scala:126)
	at kafka.server.checkpoints.OffsetCheckpointFile.read(OffsetCheckpointFile.scala:69)
	at kafka.log.LogCleanerManager.$anonfun$allCleanerCheckpoints$2(LogCleanerManager.scala:134)
	at scala.collection.TraversableLike.$anonfun$flatMap$1(TraversableLike.scala:293)
	at scala.collection.Iterator.foreach(Iterator.scala:943)
	at scala.collection.Iterator.foreach$(Iterator.scala:943)
	at scala.collection.AbstractIterator.foreach(Iterator.scala:1431)
	at scala.collection.MapLike$DefaultValuesIterable.foreach(MapLike.scala:213)
	at scala.collection.TraversableLike.flatMap(TraversableLike.scala:293)
	at scala.collection.TraversableLike.flatMap$(TraversableLike.scala:290)
	at scala.collection.AbstractTraversable.flatMap(Traversable.scala:108)
	at kafka.log.LogCleanerManager.$anonfun$allCleanerCheckpoints$1(LogCleanerManager.scala:132)
	at kafka.log.LogCleanerManager.allCleanerCheckpoints(LogCleanerManager.scala:140)
	at kafka.log.LogCleanerManager.$anonfun$grabFilthiestCompactedLog$1(LogCleanerManager.scala:171)
	at kafka.log.LogCleanerManager.grabFilthiestCompactedLog(LogCleanerManager.scala:168)
	at kafka.log.LogCleaner$CleanerThread.cleanFilthiestLog(LogCleaner.scala:345)
	at kafka.log.LogCleaner$CleanerThread.tryCleanFilthiestLog(LogCleaner.scala:332)
	at kafka.log.LogCleaner$CleanerThread.doWork(LogCleaner.scala:321)
	at kafka.utils.ShutdownableThread.run(ShutdownableThread.scala:96)
[2024-12-07 01:12:23,678] INFO Starting the log cleaner (kafka.log.LogCleaner)
[2024-12-07 01:12:23,867] INFO [kafka-log-cleaner-thread-0]: Starting (kafka.log.LogCleaner)
[2024-12-07 13:15:05,774] INFO Starting the log cleaner (kafka.log.LogCleaner)
[2024-12-07 13:15:05,997] INFO [kafka-log-cleaner-thread-0]: Starting (kafka.log.LogCleaner)
[2024-12-07 18:47:03,191] ERROR Failed to access checkpoint file cleaner-offset-checkpoint in dir D:\tmp\kafka-logs (kafka.log.LogCleaner)
org.apache.kafka.common.errors.KafkaStorageException: Error while reading checkpoint file D:\tmp\kafka-logs\cleaner-offset-checkpoint
Caused by: java.nio.file.NoSuchFileException: D:\tmp\kafka-logs\cleaner-offset-checkpoint
	at sun.nio.fs.WindowsException.translateToIOException(WindowsException.java:79)
	at sun.nio.fs.WindowsException.rethrowAsIOException(WindowsException.java:97)
	at sun.nio.fs.WindowsException.rethrowAsIOException(WindowsException.java:102)
	at sun.nio.fs.WindowsFileSystemProvider.newByteChannel(WindowsFileSystemProvider.java:230)
	at java.nio.file.Files.newByteChannel(Files.java:361)
	at java.nio.file.Files.newByteChannel(Files.java:407)
	at java.nio.file.spi.FileSystemProvider.newInputStream(FileSystemProvider.java:384)
	at java.nio.file.Files.newInputStream(Files.java:152)
	at java.nio.file.Files.newBufferedReader(Files.java:2784)
	at java.nio.file.Files.newBufferedReader(Files.java:2816)
	at kafka.server.checkpoints.CheckpointFile.liftedTree2$1(CheckpointFile.scala:127)
	at kafka.server.checkpoints.CheckpointFile.read(CheckpointFile.scala:126)
	at kafka.server.checkpoints.OffsetCheckpointFile.read(OffsetCheckpointFile.scala:69)
	at kafka.log.LogCleanerManager.$anonfun$allCleanerCheckpoints$2(LogCleanerManager.scala:134)
	at scala.collection.TraversableLike.$anonfun$flatMap$1(TraversableLike.scala:293)
	at scala.collection.Iterator.foreach(Iterator.scala:943)
	at scala.collection.Iterator.foreach$(Iterator.scala:943)
	at scala.collection.AbstractIterator.foreach(Iterator.scala:1431)
	at scala.collection.MapLike$DefaultValuesIterable.foreach(MapLike.scala:213)
	at scala.collection.TraversableLike.flatMap(TraversableLike.scala:293)
	at scala.collection.TraversableLike.flatMap$(TraversableLike.scala:290)
	at scala.collection.AbstractTraversable.flatMap(Traversable.scala:108)
	at kafka.log.LogCleanerManager.$anonfun$allCleanerCheckpoints$1(LogCleanerManager.scala:132)
	at kafka.log.LogCleanerManager.allCleanerCheckpoints(LogCleanerManager.scala:140)
	at kafka.log.LogCleanerManager.$anonfun$grabFilthiestCompactedLog$1(LogCleanerManager.scala:171)
	at kafka.log.LogCleanerManager.grabFilthiestCompactedLog(LogCleanerManager.scala:168)
	at kafka.log.LogCleaner$CleanerThread.cleanFilthiestLog(LogCleaner.scala:345)
	at kafka.log.LogCleaner$CleanerThread.tryCleanFilthiestLog(LogCleaner.scala:332)
	at kafka.log.LogCleaner$CleanerThread.doWork(LogCleaner.scala:321)
	at kafka.utils.ShutdownableThread.run(ShutdownableThread.scala:96)
[2024-12-07 18:48:43,740] INFO Starting the log cleaner (kafka.log.LogCleaner)
[2024-12-07 18:48:43,928] INFO [kafka-log-cleaner-thread-0]: Starting (kafka.log.LogCleaner)
[2024-12-07 18:54:06,923] INFO Starting the log cleaner (kafka.log.LogCleaner)
[2024-12-07 18:54:07,128] INFO [kafka-log-cleaner-thread-0]: Starting (kafka.log.LogCleaner)
[2024-12-07 19:38:03,916] INFO Shutting down the log cleaner. (kafka.log.LogCleaner)
[2024-12-07 19:38:03,918] INFO [kafka-log-cleaner-thread-0]: Shutting down (kafka.log.LogCleaner)
[2024-12-07 19:38:03,919] INFO [kafka-log-cleaner-thread-0]: Stopped (kafka.log.LogCleaner)
[2024-12-07 19:38:03,919] INFO [kafka-log-cleaner-thread-0]: Shutdown completed (kafka.log.LogCleaner)
[2024-12-07 20:05:31,836] INFO Starting the log cleaner (kafka.log.LogCleaner)
[2024-12-07 20:05:32,039] INFO [kafka-log-cleaner-thread-0]: Starting (kafka.log.LogCleaner)
[2024-12-07 20:09:43,310] INFO Starting the log cleaner (kafka.log.LogCleaner)
[2024-12-07 20:09:43,435] INFO [kafka-log-cleaner-thread-0]: Starting (kafka.log.LogCleaner)
[2024-12-07 20:10:46,477] INFO Starting the log cleaner (kafka.log.LogCleaner)
[2024-12-07 20:10:46,649] INFO [kafka-log-cleaner-thread-0]: Starting (kafka.log.LogCleaner)
